<?xml version="1.0" encoding="UTF-8"?>
<!-- Generated by org.testng.reporters.JUnitReportReporter -->
<testsuite hostname="QT-INBG-LT1936" failures="0" tests="5" name="siva" time="11.462" errors="5" timestamp="2022-09-16T12:32:27 IST" skipped="0">
  <testcase classname="siva" name="signin" time="5.108">
    <error message="Unresolved compilation problems: 
	Syntax error on token &quot;Invalid Character&quot;, delete this token
	Syntax error, insert &quot;;&quot; to complete Statement
	Duplicate annotation of non-repeatable type @FindBy. Only annotation types marked @Repeatable can be used multiple times at one target.
	Syntax error on tokens, delete these tokens
	Duplicate annotation of non-repeatable type @FindBy. Only annotation types marked @Repeatable can be used multiple times at one target.
	Syntax error on token &quot;Invalid Character&quot;, delete this token
	WebElement cannot be resolved to a type
	Syntax error on token &quot;Invalid Character&quot;, delete this token
	Syntax error on token &quot;Invalid Character&quot;, delete this token
	WebElement cannot be resolved to a type
	Syntax error on token &quot;Invalid Character&quot;, delete this token
	Syntax error on token &quot;Invalid Character&quot;, delete this token
	WebElement cannot be resolved to a type
	The left-hand side of an assignment must be a variable
	Syntax error on token &quot;Invalid Character&quot;, invalid AssignmentOperator
	Syntax error on tokens, delete these tokens
	WebElement cannot be resolved to a type
	By cannot be resolved
	Syntax error, insert &quot;;&quot; to complete Statement
	WebElement cannot be resolved to a type
	Syntax error on token &quot;Invalid Character&quot;, delete this token
	username cannot be resolved
	WebElement cannot be resolved to a type
	By cannot be resolved
	Syntax error, insert &quot;;&quot; to complete Statement
	Syntax error on token &quot;Invalid Character&quot;, delete this token
	WebElement cannot be resolved to a type
	username cannot be resolved
	Syntax error on token &quot;Invalid Character&quot;, delete this token
	WebElement cannot be resolved to a type
	Syntax error on token &quot;Invalid Character&quot;, delete this token
	By cannot be resolved
	Syntax error, insert &quot;;&quot; to complete Statement
	WebElement cannot be resolved to a type
	username cannot be resolved
	WebElement cannot be resolved to a type
	By cannot be resolved
	Syntax error, insert &quot;;&quot; to complete Statement
	Syntax error on tokens, delete these tokens
	WebElement cannot be resolved to a type
	username cannot be resolved
	WebElement cannot be resolved to a type
	By cannot be resolved
	Syntax error, insert &quot;;&quot; to complete Statement
	Syntax error on token &quot;Invalid Character&quot;, delete this token
	Syntax error, insert &quot;}&quot; to complete MethodBody
	Syntax error, insert &quot;}&quot; to complete ClassBody
	Syntax error, insert &quot;;&quot; to complete BlockStatements
" type="java.lang.Error">
      <![CDATA[java.lang.Error: Unresolved compilation problems: 
Syntax error on token "Invalid Character", delete this token
Syntax error, insert ";" to complete Statement
Duplicate annotation of non-repeatable type @FindBy. Only annotation types marked @Repeatable can be used multiple times at one target.
Syntax error on tokens, delete these tokens
Duplicate annotation of non-repeatable type @FindBy. Only annotation types marked @Repeatable can be used multiple times at one target.
Syntax error on token "Invalid Character", delete this token
WebElement cannot be resolved to a type
Syntax error on token "Invalid Character", delete this token
Syntax error on token "Invalid Character", delete this token
WebElement cannot be resolved to a type
Syntax error on token "Invalid Character", delete this token
Syntax error on token "Invalid Character", delete this token
WebElement cannot be resolved to a type
The left-hand side of an assignment must be a variable
Syntax error on token "Invalid Character", invalid AssignmentOperator
Syntax error on tokens, delete these tokens
WebElement cannot be resolved to a type
By cannot be resolved
Syntax error, insert ";" to complete Statement
WebElement cannot be resolved to a type
Syntax error on token "Invalid Character", delete this token
username cannot be resolved
WebElement cannot be resolved to a type
By cannot be resolved
Syntax error, insert ";" to complete Statement
Syntax error on token "Invalid Character", delete this token
WebElement cannot be resolved to a type
username cannot be resolved
Syntax error on token "Invalid Character", delete this token
WebElement cannot be resolved to a type
Syntax error on token "Invalid Character", delete this token
By cannot be resolved
Syntax error, insert ";" to complete Statement
WebElement cannot be resolved to a type
username cannot be resolved
WebElement cannot be resolved to a type
By cannot be resolved
Syntax error, insert ";" to complete Statement
Syntax error on tokens, delete these tokens
WebElement cannot be resolved to a type
username cannot be resolved
WebElement cannot be resolved to a type
By cannot be resolved
Syntax error, insert ";" to complete Statement
Syntax error on token "Invalid Character", delete this token
Syntax error, insert "}" to complete MethodBody
Syntax error, insert "}" to complete ClassBody
Syntax error, insert ";" to complete BlockStatements

at Landingpage.<init>(Landingpage.java:11)
at siva.signin(siva.java:14)
at java.base/jdk.internal.reflect.NativeMethodAccessorImpl.invoke0(Native Method)
at java.base/jdk.internal.reflect.NativeMethodAccessorImpl.invoke(NativeMethodAccessorImpl.java:62)
at java.base/jdk.internal.reflect.DelegatingMethodAccessorImpl.invoke(DelegatingMethodAccessorImpl.java:43)
at java.base/java.lang.reflect.Method.invoke(Method.java:566)
at org.testng.internal.MethodInvocationHelper.invokeMethod(MethodInvocationHelper.java:133)
at org.testng.internal.TestInvoker.invokeMethod(TestInvoker.java:598)
at org.testng.internal.TestInvoker.invokeTestMethod(TestInvoker.java:173)
at org.testng.internal.MethodRunner.runInSequence(MethodRunner.java:46)
at org.testng.internal.TestInvoker$MethodInvocationAgent.invoke(TestInvoker.java:824)
at org.testng.internal.TestInvoker.invokeTestMethods(TestInvoker.java:146)
at org.testng.internal.TestMethodWorker.invokeTestMethods(TestMethodWorker.java:146)
at org.testng.internal.TestMethodWorker.run(TestMethodWorker.java:128)
at java.base/java.util.ArrayList.forEach(ArrayList.java:1541)
at org.testng.TestRunner.privateRun(TestRunner.java:794)
at org.testng.TestRunner.run(TestRunner.java:596)
at org.testng.SuiteRunner.runTest(SuiteRunner.java:377)
at org.testng.SuiteRunner.runSequentially(SuiteRunner.java:371)
at org.testng.SuiteRunner.privateRun(SuiteRunner.java:332)
at org.testng.SuiteRunner.run(SuiteRunner.java:276)
at org.testng.SuiteRunnerWorker.runSuite(SuiteRunnerWorker.java:53)
at org.testng.SuiteRunnerWorker.run(SuiteRunnerWorker.java:96)
at org.testng.TestNG.runSuitesSequentially(TestNG.java:1212)
at org.testng.TestNG.runSuitesLocally(TestNG.java:1134)
at org.testng.TestNG.runSuites(TestNG.java:1063)
at org.testng.TestNG.run(TestNG.java:1031)
at org.testng.remote.AbstractRemoteTestNG.run(AbstractRemoteTestNG.java:115)
at org.testng.remote.RemoteTestNG.initAndRun(RemoteTestNG.java:251)
at org.testng.remote.RemoteTestNG.main(RemoteTestNG.java:77)
]]>
    </error>
  </testcase> <!-- signin -->
  <system-out/>
  <testcase classname="siva" name="signin4" time="1.631">
    <error message="Unresolved compilation problems: 
	Syntax error on token &quot;Invalid Character&quot;, delete this token
	Syntax error, insert &quot;;&quot; to complete Statement
	Duplicate annotation of non-repeatable type @FindBy. Only annotation types marked @Repeatable can be used multiple times at one target.
	Syntax error on tokens, delete these tokens
	Duplicate annotation of non-repeatable type @FindBy. Only annotation types marked @Repeatable can be used multiple times at one target.
	Syntax error on token &quot;Invalid Character&quot;, delete this token
	WebElement cannot be resolved to a type
	Syntax error on token &quot;Invalid Character&quot;, delete this token
	Syntax error on token &quot;Invalid Character&quot;, delete this token
	WebElement cannot be resolved to a type
	Syntax error on token &quot;Invalid Character&quot;, delete this token
	Syntax error on token &quot;Invalid Character&quot;, delete this token
	WebElement cannot be resolved to a type
	The left-hand side of an assignment must be a variable
	Syntax error on token &quot;Invalid Character&quot;, invalid AssignmentOperator
	Syntax error on tokens, delete these tokens
	WebElement cannot be resolved to a type
	By cannot be resolved
	Syntax error, insert &quot;;&quot; to complete Statement
	WebElement cannot be resolved to a type
	Syntax error on token &quot;Invalid Character&quot;, delete this token
	username cannot be resolved
	WebElement cannot be resolved to a type
	By cannot be resolved
	Syntax error, insert &quot;;&quot; to complete Statement
	Syntax error on token &quot;Invalid Character&quot;, delete this token
	WebElement cannot be resolved to a type
	username cannot be resolved
	Syntax error on token &quot;Invalid Character&quot;, delete this token
	WebElement cannot be resolved to a type
	Syntax error on token &quot;Invalid Character&quot;, delete this token
	By cannot be resolved
	Syntax error, insert &quot;;&quot; to complete Statement
	WebElement cannot be resolved to a type
	username cannot be resolved
	WebElement cannot be resolved to a type
	By cannot be resolved
	Syntax error, insert &quot;;&quot; to complete Statement
	Syntax error on tokens, delete these tokens
	WebElement cannot be resolved to a type
	username cannot be resolved
	WebElement cannot be resolved to a type
	By cannot be resolved
	Syntax error, insert &quot;;&quot; to complete Statement
	Syntax error on token &quot;Invalid Character&quot;, delete this token
	Syntax error, insert &quot;}&quot; to complete MethodBody
	Syntax error, insert &quot;}&quot; to complete ClassBody
	Syntax error, insert &quot;;&quot; to complete BlockStatements
" type="java.lang.Error">
      <![CDATA[java.lang.Error: Unresolved compilation problems: 
Syntax error on token "Invalid Character", delete this token
Syntax error, insert ";" to complete Statement
Duplicate annotation of non-repeatable type @FindBy. Only annotation types marked @Repeatable can be used multiple times at one target.
Syntax error on tokens, delete these tokens
Duplicate annotation of non-repeatable type @FindBy. Only annotation types marked @Repeatable can be used multiple times at one target.
Syntax error on token "Invalid Character", delete this token
WebElement cannot be resolved to a type
Syntax error on token "Invalid Character", delete this token
Syntax error on token "Invalid Character", delete this token
WebElement cannot be resolved to a type
Syntax error on token "Invalid Character", delete this token
Syntax error on token "Invalid Character", delete this token
WebElement cannot be resolved to a type
The left-hand side of an assignment must be a variable
Syntax error on token "Invalid Character", invalid AssignmentOperator
Syntax error on tokens, delete these tokens
WebElement cannot be resolved to a type
By cannot be resolved
Syntax error, insert ";" to complete Statement
WebElement cannot be resolved to a type
Syntax error on token "Invalid Character", delete this token
username cannot be resolved
WebElement cannot be resolved to a type
By cannot be resolved
Syntax error, insert ";" to complete Statement
Syntax error on token "Invalid Character", delete this token
WebElement cannot be resolved to a type
username cannot be resolved
Syntax error on token "Invalid Character", delete this token
WebElement cannot be resolved to a type
Syntax error on token "Invalid Character", delete this token
By cannot be resolved
Syntax error, insert ";" to complete Statement
WebElement cannot be resolved to a type
username cannot be resolved
WebElement cannot be resolved to a type
By cannot be resolved
Syntax error, insert ";" to complete Statement
Syntax error on tokens, delete these tokens
WebElement cannot be resolved to a type
username cannot be resolved
WebElement cannot be resolved to a type
By cannot be resolved
Syntax error, insert ";" to complete Statement
Syntax error on token "Invalid Character", delete this token
Syntax error, insert "}" to complete MethodBody
Syntax error, insert "}" to complete ClassBody
Syntax error, insert ";" to complete BlockStatements

at Landingpage.<init>(Landingpage.java:11)
at siva.signin4(siva.java:49)
at java.base/jdk.internal.reflect.NativeMethodAccessorImpl.invoke0(Native Method)
at java.base/jdk.internal.reflect.NativeMethodAccessorImpl.invoke(NativeMethodAccessorImpl.java:62)
at java.base/jdk.internal.reflect.DelegatingMethodAccessorImpl.invoke(DelegatingMethodAccessorImpl.java:43)
at java.base/java.lang.reflect.Method.invoke(Method.java:566)
at org.testng.internal.MethodInvocationHelper.invokeMethod(MethodInvocationHelper.java:133)
at org.testng.internal.TestInvoker.invokeMethod(TestInvoker.java:598)
at org.testng.internal.TestInvoker.invokeTestMethod(TestInvoker.java:173)
at org.testng.internal.MethodRunner.runInSequence(MethodRunner.java:46)
at org.testng.internal.TestInvoker$MethodInvocationAgent.invoke(TestInvoker.java:824)
at org.testng.internal.TestInvoker.invokeTestMethods(TestInvoker.java:146)
at org.testng.internal.TestMethodWorker.invokeTestMethods(TestMethodWorker.java:146)
at org.testng.internal.TestMethodWorker.run(TestMethodWorker.java:128)
at java.base/java.util.ArrayList.forEach(ArrayList.java:1541)
at org.testng.TestRunner.privateRun(TestRunner.java:794)
at org.testng.TestRunner.run(TestRunner.java:596)
at org.testng.SuiteRunner.runTest(SuiteRunner.java:377)
at org.testng.SuiteRunner.runSequentially(SuiteRunner.java:371)
at org.testng.SuiteRunner.privateRun(SuiteRunner.java:332)
at org.testng.SuiteRunner.run(SuiteRunner.java:276)
at org.testng.SuiteRunnerWorker.runSuite(SuiteRunnerWorker.java:53)
at org.testng.SuiteRunnerWorker.run(SuiteRunnerWorker.java:96)
at org.testng.TestNG.runSuitesSequentially(TestNG.java:1212)
at org.testng.TestNG.runSuitesLocally(TestNG.java:1134)
at org.testng.TestNG.runSuites(TestNG.java:1063)
at org.testng.TestNG.run(TestNG.java:1031)
at org.testng.remote.AbstractRemoteTestNG.run(AbstractRemoteTestNG.java:115)
at org.testng.remote.RemoteTestNG.initAndRun(RemoteTestNG.java:251)
at org.testng.remote.RemoteTestNG.main(RemoteTestNG.java:77)
]]>
    </error>
  </testcase> <!-- signin4 -->
  <system-out/>
  <testcase classname="siva" name="signin2" time="1.484">
    <error message="Unresolved compilation problems: 
	Syntax error on token &quot;Invalid Character&quot;, delete this token
	Syntax error, insert &quot;;&quot; to complete Statement
	Duplicate annotation of non-repeatable type @FindBy. Only annotation types marked @Repeatable can be used multiple times at one target.
	Syntax error on tokens, delete these tokens
	Duplicate annotation of non-repeatable type @FindBy. Only annotation types marked @Repeatable can be used multiple times at one target.
	Syntax error on token &quot;Invalid Character&quot;, delete this token
	WebElement cannot be resolved to a type
	Syntax error on token &quot;Invalid Character&quot;, delete this token
	Syntax error on token &quot;Invalid Character&quot;, delete this token
	WebElement cannot be resolved to a type
	Syntax error on token &quot;Invalid Character&quot;, delete this token
	Syntax error on token &quot;Invalid Character&quot;, delete this token
	WebElement cannot be resolved to a type
	The left-hand side of an assignment must be a variable
	Syntax error on token &quot;Invalid Character&quot;, invalid AssignmentOperator
	Syntax error on tokens, delete these tokens
	WebElement cannot be resolved to a type
	By cannot be resolved
	Syntax error, insert &quot;;&quot; to complete Statement
	WebElement cannot be resolved to a type
	Syntax error on token &quot;Invalid Character&quot;, delete this token
	username cannot be resolved
	WebElement cannot be resolved to a type
	By cannot be resolved
	Syntax error, insert &quot;;&quot; to complete Statement
	Syntax error on token &quot;Invalid Character&quot;, delete this token
	WebElement cannot be resolved to a type
	username cannot be resolved
	Syntax error on token &quot;Invalid Character&quot;, delete this token
	WebElement cannot be resolved to a type
	Syntax error on token &quot;Invalid Character&quot;, delete this token
	By cannot be resolved
	Syntax error, insert &quot;;&quot; to complete Statement
	WebElement cannot be resolved to a type
	username cannot be resolved
	WebElement cannot be resolved to a type
	By cannot be resolved
	Syntax error, insert &quot;;&quot; to complete Statement
	Syntax error on tokens, delete these tokens
	WebElement cannot be resolved to a type
	username cannot be resolved
	WebElement cannot be resolved to a type
	By cannot be resolved
	Syntax error, insert &quot;;&quot; to complete Statement
	Syntax error on token &quot;Invalid Character&quot;, delete this token
	Syntax error, insert &quot;}&quot; to complete MethodBody
	Syntax error, insert &quot;}&quot; to complete ClassBody
	Syntax error, insert &quot;;&quot; to complete BlockStatements
" type="java.lang.Error">
      <![CDATA[java.lang.Error: Unresolved compilation problems: 
Syntax error on token "Invalid Character", delete this token
Syntax error, insert ";" to complete Statement
Duplicate annotation of non-repeatable type @FindBy. Only annotation types marked @Repeatable can be used multiple times at one target.
Syntax error on tokens, delete these tokens
Duplicate annotation of non-repeatable type @FindBy. Only annotation types marked @Repeatable can be used multiple times at one target.
Syntax error on token "Invalid Character", delete this token
WebElement cannot be resolved to a type
Syntax error on token "Invalid Character", delete this token
Syntax error on token "Invalid Character", delete this token
WebElement cannot be resolved to a type
Syntax error on token "Invalid Character", delete this token
Syntax error on token "Invalid Character", delete this token
WebElement cannot be resolved to a type
The left-hand side of an assignment must be a variable
Syntax error on token "Invalid Character", invalid AssignmentOperator
Syntax error on tokens, delete these tokens
WebElement cannot be resolved to a type
By cannot be resolved
Syntax error, insert ";" to complete Statement
WebElement cannot be resolved to a type
Syntax error on token "Invalid Character", delete this token
username cannot be resolved
WebElement cannot be resolved to a type
By cannot be resolved
Syntax error, insert ";" to complete Statement
Syntax error on token "Invalid Character", delete this token
WebElement cannot be resolved to a type
username cannot be resolved
Syntax error on token "Invalid Character", delete this token
WebElement cannot be resolved to a type
Syntax error on token "Invalid Character", delete this token
By cannot be resolved
Syntax error, insert ";" to complete Statement
WebElement cannot be resolved to a type
username cannot be resolved
WebElement cannot be resolved to a type
By cannot be resolved
Syntax error, insert ";" to complete Statement
Syntax error on tokens, delete these tokens
WebElement cannot be resolved to a type
username cannot be resolved
WebElement cannot be resolved to a type
By cannot be resolved
Syntax error, insert ";" to complete Statement
Syntax error on token "Invalid Character", delete this token
Syntax error, insert "}" to complete MethodBody
Syntax error, insert "}" to complete ClassBody
Syntax error, insert ";" to complete BlockStatements

at Landingpage.<init>(Landingpage.java:11)
at siva.signin2(siva.java:27)
at java.base/jdk.internal.reflect.NativeMethodAccessorImpl.invoke0(Native Method)
at java.base/jdk.internal.reflect.NativeMethodAccessorImpl.invoke(NativeMethodAccessorImpl.java:62)
at java.base/jdk.internal.reflect.DelegatingMethodAccessorImpl.invoke(DelegatingMethodAccessorImpl.java:43)
at java.base/java.lang.reflect.Method.invoke(Method.java:566)
at org.testng.internal.MethodInvocationHelper.invokeMethod(MethodInvocationHelper.java:133)
at org.testng.internal.TestInvoker.invokeMethod(TestInvoker.java:598)
at org.testng.internal.TestInvoker.invokeTestMethod(TestInvoker.java:173)
at org.testng.internal.MethodRunner.runInSequence(MethodRunner.java:46)
at org.testng.internal.TestInvoker$MethodInvocationAgent.invoke(TestInvoker.java:824)
at org.testng.internal.TestInvoker.invokeTestMethods(TestInvoker.java:146)
at org.testng.internal.TestMethodWorker.invokeTestMethods(TestMethodWorker.java:146)
at org.testng.internal.TestMethodWorker.run(TestMethodWorker.java:128)
at java.base/java.util.ArrayList.forEach(ArrayList.java:1541)
at org.testng.TestRunner.privateRun(TestRunner.java:794)
at org.testng.TestRunner.run(TestRunner.java:596)
at org.testng.SuiteRunner.runTest(SuiteRunner.java:377)
at org.testng.SuiteRunner.runSequentially(SuiteRunner.java:371)
at org.testng.SuiteRunner.privateRun(SuiteRunner.java:332)
at org.testng.SuiteRunner.run(SuiteRunner.java:276)
at org.testng.SuiteRunnerWorker.runSuite(SuiteRunnerWorker.java:53)
at org.testng.SuiteRunnerWorker.run(SuiteRunnerWorker.java:96)
at org.testng.TestNG.runSuitesSequentially(TestNG.java:1212)
at org.testng.TestNG.runSuitesLocally(TestNG.java:1134)
at org.testng.TestNG.runSuites(TestNG.java:1063)
at org.testng.TestNG.run(TestNG.java:1031)
at org.testng.remote.AbstractRemoteTestNG.run(AbstractRemoteTestNG.java:115)
at org.testng.remote.RemoteTestNG.initAndRun(RemoteTestNG.java:251)
at org.testng.remote.RemoteTestNG.main(RemoteTestNG.java:77)
]]>
    </error>
  </testcase> <!-- signin2 -->
  <system-out/>
  <testcase classname="siva" name="signin5" time="1.654">
    <error message="Unresolved compilation problems: 
	Syntax error on token &quot;Invalid Character&quot;, delete this token
	Syntax error, insert &quot;;&quot; to complete Statement
	Duplicate annotation of non-repeatable type @FindBy. Only annotation types marked @Repeatable can be used multiple times at one target.
	Syntax error on tokens, delete these tokens
	Duplicate annotation of non-repeatable type @FindBy. Only annotation types marked @Repeatable can be used multiple times at one target.
	Syntax error on token &quot;Invalid Character&quot;, delete this token
	WebElement cannot be resolved to a type
	Syntax error on token &quot;Invalid Character&quot;, delete this token
	Syntax error on token &quot;Invalid Character&quot;, delete this token
	WebElement cannot be resolved to a type
	Syntax error on token &quot;Invalid Character&quot;, delete this token
	Syntax error on token &quot;Invalid Character&quot;, delete this token
	WebElement cannot be resolved to a type
	The left-hand side of an assignment must be a variable
	Syntax error on token &quot;Invalid Character&quot;, invalid AssignmentOperator
	Syntax error on tokens, delete these tokens
	WebElement cannot be resolved to a type
	By cannot be resolved
	Syntax error, insert &quot;;&quot; to complete Statement
	WebElement cannot be resolved to a type
	Syntax error on token &quot;Invalid Character&quot;, delete this token
	username cannot be resolved
	WebElement cannot be resolved to a type
	By cannot be resolved
	Syntax error, insert &quot;;&quot; to complete Statement
	Syntax error on token &quot;Invalid Character&quot;, delete this token
	WebElement cannot be resolved to a type
	username cannot be resolved
	Syntax error on token &quot;Invalid Character&quot;, delete this token
	WebElement cannot be resolved to a type
	Syntax error on token &quot;Invalid Character&quot;, delete this token
	By cannot be resolved
	Syntax error, insert &quot;;&quot; to complete Statement
	WebElement cannot be resolved to a type
	username cannot be resolved
	WebElement cannot be resolved to a type
	By cannot be resolved
	Syntax error, insert &quot;;&quot; to complete Statement
	Syntax error on tokens, delete these tokens
	WebElement cannot be resolved to a type
	username cannot be resolved
	WebElement cannot be resolved to a type
	By cannot be resolved
	Syntax error, insert &quot;;&quot; to complete Statement
	Syntax error on token &quot;Invalid Character&quot;, delete this token
	Syntax error, insert &quot;}&quot; to complete MethodBody
	Syntax error, insert &quot;}&quot; to complete ClassBody
	Syntax error, insert &quot;;&quot; to complete BlockStatements
" type="java.lang.Error">
      <![CDATA[java.lang.Error: Unresolved compilation problems: 
Syntax error on token "Invalid Character", delete this token
Syntax error, insert ";" to complete Statement
Duplicate annotation of non-repeatable type @FindBy. Only annotation types marked @Repeatable can be used multiple times at one target.
Syntax error on tokens, delete these tokens
Duplicate annotation of non-repeatable type @FindBy. Only annotation types marked @Repeatable can be used multiple times at one target.
Syntax error on token "Invalid Character", delete this token
WebElement cannot be resolved to a type
Syntax error on token "Invalid Character", delete this token
Syntax error on token "Invalid Character", delete this token
WebElement cannot be resolved to a type
Syntax error on token "Invalid Character", delete this token
Syntax error on token "Invalid Character", delete this token
WebElement cannot be resolved to a type
The left-hand side of an assignment must be a variable
Syntax error on token "Invalid Character", invalid AssignmentOperator
Syntax error on tokens, delete these tokens
WebElement cannot be resolved to a type
By cannot be resolved
Syntax error, insert ";" to complete Statement
WebElement cannot be resolved to a type
Syntax error on token "Invalid Character", delete this token
username cannot be resolved
WebElement cannot be resolved to a type
By cannot be resolved
Syntax error, insert ";" to complete Statement
Syntax error on token "Invalid Character", delete this token
WebElement cannot be resolved to a type
username cannot be resolved
Syntax error on token "Invalid Character", delete this token
WebElement cannot be resolved to a type
Syntax error on token "Invalid Character", delete this token
By cannot be resolved
Syntax error, insert ";" to complete Statement
WebElement cannot be resolved to a type
username cannot be resolved
WebElement cannot be resolved to a type
By cannot be resolved
Syntax error, insert ";" to complete Statement
Syntax error on tokens, delete these tokens
WebElement cannot be resolved to a type
username cannot be resolved
WebElement cannot be resolved to a type
By cannot be resolved
Syntax error, insert ";" to complete Statement
Syntax error on token "Invalid Character", delete this token
Syntax error, insert "}" to complete MethodBody
Syntax error, insert "}" to complete ClassBody
Syntax error, insert ";" to complete BlockStatements

at Landingpage.<init>(Landingpage.java:11)
at siva.signin5(siva.java:60)
at java.base/jdk.internal.reflect.NativeMethodAccessorImpl.invoke0(Native Method)
at java.base/jdk.internal.reflect.NativeMethodAccessorImpl.invoke(NativeMethodAccessorImpl.java:62)
at java.base/jdk.internal.reflect.DelegatingMethodAccessorImpl.invoke(DelegatingMethodAccessorImpl.java:43)
at java.base/java.lang.reflect.Method.invoke(Method.java:566)
at org.testng.internal.MethodInvocationHelper.invokeMethod(MethodInvocationHelper.java:133)
at org.testng.internal.TestInvoker.invokeMethod(TestInvoker.java:598)
at org.testng.internal.TestInvoker.invokeTestMethod(TestInvoker.java:173)
at org.testng.internal.MethodRunner.runInSequence(MethodRunner.java:46)
at org.testng.internal.TestInvoker$MethodInvocationAgent.invoke(TestInvoker.java:824)
at org.testng.internal.TestInvoker.invokeTestMethods(TestInvoker.java:146)
at org.testng.internal.TestMethodWorker.invokeTestMethods(TestMethodWorker.java:146)
at org.testng.internal.TestMethodWorker.run(TestMethodWorker.java:128)
at java.base/java.util.ArrayList.forEach(ArrayList.java:1541)
at org.testng.TestRunner.privateRun(TestRunner.java:794)
at org.testng.TestRunner.run(TestRunner.java:596)
at org.testng.SuiteRunner.runTest(SuiteRunner.java:377)
at org.testng.SuiteRunner.runSequentially(SuiteRunner.java:371)
at org.testng.SuiteRunner.privateRun(SuiteRunner.java:332)
at org.testng.SuiteRunner.run(SuiteRunner.java:276)
at org.testng.SuiteRunnerWorker.runSuite(SuiteRunnerWorker.java:53)
at org.testng.SuiteRunnerWorker.run(SuiteRunnerWorker.java:96)
at org.testng.TestNG.runSuitesSequentially(TestNG.java:1212)
at org.testng.TestNG.runSuitesLocally(TestNG.java:1134)
at org.testng.TestNG.runSuites(TestNG.java:1063)
at org.testng.TestNG.run(TestNG.java:1031)
at org.testng.remote.AbstractRemoteTestNG.run(AbstractRemoteTestNG.java:115)
at org.testng.remote.RemoteTestNG.initAndRun(RemoteTestNG.java:251)
at org.testng.remote.RemoteTestNG.main(RemoteTestNG.java:77)
]]>
    </error>
  </testcase> <!-- signin5 -->
  <system-out/>
  <testcase classname="siva" name="signin3" time="1.585">
    <error message="Unresolved compilation problems: 
	Syntax error on token &quot;Invalid Character&quot;, delete this token
	Syntax error, insert &quot;;&quot; to complete Statement
	Duplicate annotation of non-repeatable type @FindBy. Only annotation types marked @Repeatable can be used multiple times at one target.
	Syntax error on tokens, delete these tokens
	Duplicate annotation of non-repeatable type @FindBy. Only annotation types marked @Repeatable can be used multiple times at one target.
	Syntax error on token &quot;Invalid Character&quot;, delete this token
	WebElement cannot be resolved to a type
	Syntax error on token &quot;Invalid Character&quot;, delete this token
	Syntax error on token &quot;Invalid Character&quot;, delete this token
	WebElement cannot be resolved to a type
	Syntax error on token &quot;Invalid Character&quot;, delete this token
	Syntax error on token &quot;Invalid Character&quot;, delete this token
	WebElement cannot be resolved to a type
	The left-hand side of an assignment must be a variable
	Syntax error on token &quot;Invalid Character&quot;, invalid AssignmentOperator
	Syntax error on tokens, delete these tokens
	WebElement cannot be resolved to a type
	By cannot be resolved
	Syntax error, insert &quot;;&quot; to complete Statement
	WebElement cannot be resolved to a type
	Syntax error on token &quot;Invalid Character&quot;, delete this token
	username cannot be resolved
	WebElement cannot be resolved to a type
	By cannot be resolved
	Syntax error, insert &quot;;&quot; to complete Statement
	Syntax error on token &quot;Invalid Character&quot;, delete this token
	WebElement cannot be resolved to a type
	username cannot be resolved
	Syntax error on token &quot;Invalid Character&quot;, delete this token
	WebElement cannot be resolved to a type
	Syntax error on token &quot;Invalid Character&quot;, delete this token
	By cannot be resolved
	Syntax error, insert &quot;;&quot; to complete Statement
	WebElement cannot be resolved to a type
	username cannot be resolved
	WebElement cannot be resolved to a type
	By cannot be resolved
	Syntax error, insert &quot;;&quot; to complete Statement
	Syntax error on tokens, delete these tokens
	WebElement cannot be resolved to a type
	username cannot be resolved
	WebElement cannot be resolved to a type
	By cannot be resolved
	Syntax error, insert &quot;;&quot; to complete Statement
	Syntax error on token &quot;Invalid Character&quot;, delete this token
	Syntax error, insert &quot;}&quot; to complete MethodBody
	Syntax error, insert &quot;}&quot; to complete ClassBody
	Syntax error, insert &quot;;&quot; to complete BlockStatements
" type="java.lang.Error">
      <![CDATA[java.lang.Error: Unresolved compilation problems: 
Syntax error on token "Invalid Character", delete this token
Syntax error, insert ";" to complete Statement
Duplicate annotation of non-repeatable type @FindBy. Only annotation types marked @Repeatable can be used multiple times at one target.
Syntax error on tokens, delete these tokens
Duplicate annotation of non-repeatable type @FindBy. Only annotation types marked @Repeatable can be used multiple times at one target.
Syntax error on token "Invalid Character", delete this token
WebElement cannot be resolved to a type
Syntax error on token "Invalid Character", delete this token
Syntax error on token "Invalid Character", delete this token
WebElement cannot be resolved to a type
Syntax error on token "Invalid Character", delete this token
Syntax error on token "Invalid Character", delete this token
WebElement cannot be resolved to a type
The left-hand side of an assignment must be a variable
Syntax error on token "Invalid Character", invalid AssignmentOperator
Syntax error on tokens, delete these tokens
WebElement cannot be resolved to a type
By cannot be resolved
Syntax error, insert ";" to complete Statement
WebElement cannot be resolved to a type
Syntax error on token "Invalid Character", delete this token
username cannot be resolved
WebElement cannot be resolved to a type
By cannot be resolved
Syntax error, insert ";" to complete Statement
Syntax error on token "Invalid Character", delete this token
WebElement cannot be resolved to a type
username cannot be resolved
Syntax error on token "Invalid Character", delete this token
WebElement cannot be resolved to a type
Syntax error on token "Invalid Character", delete this token
By cannot be resolved
Syntax error, insert ";" to complete Statement
WebElement cannot be resolved to a type
username cannot be resolved
WebElement cannot be resolved to a type
By cannot be resolved
Syntax error, insert ";" to complete Statement
Syntax error on tokens, delete these tokens
WebElement cannot be resolved to a type
username cannot be resolved
WebElement cannot be resolved to a type
By cannot be resolved
Syntax error, insert ";" to complete Statement
Syntax error on token "Invalid Character", delete this token
Syntax error, insert "}" to complete MethodBody
Syntax error, insert "}" to complete ClassBody
Syntax error, insert ";" to complete BlockStatements

at Landingpage.<init>(Landingpage.java:11)
at siva.signin3(siva.java:38)
at java.base/jdk.internal.reflect.NativeMethodAccessorImpl.invoke0(Native Method)
at java.base/jdk.internal.reflect.NativeMethodAccessorImpl.invoke(NativeMethodAccessorImpl.java:62)
at java.base/jdk.internal.reflect.DelegatingMethodAccessorImpl.invoke(DelegatingMethodAccessorImpl.java:43)
at java.base/java.lang.reflect.Method.invoke(Method.java:566)
at org.testng.internal.MethodInvocationHelper.invokeMethod(MethodInvocationHelper.java:133)
at org.testng.internal.TestInvoker.invokeMethod(TestInvoker.java:598)
at org.testng.internal.TestInvoker.invokeTestMethod(TestInvoker.java:173)
at org.testng.internal.MethodRunner.runInSequence(MethodRunner.java:46)
at org.testng.internal.TestInvoker$MethodInvocationAgent.invoke(TestInvoker.java:824)
at org.testng.internal.TestInvoker.invokeTestMethods(TestInvoker.java:146)
at org.testng.internal.TestMethodWorker.invokeTestMethods(TestMethodWorker.java:146)
at org.testng.internal.TestMethodWorker.run(TestMethodWorker.java:128)
at java.base/java.util.ArrayList.forEach(ArrayList.java:1541)
at org.testng.TestRunner.privateRun(TestRunner.java:794)
at org.testng.TestRunner.run(TestRunner.java:596)
at org.testng.SuiteRunner.runTest(SuiteRunner.java:377)
at org.testng.SuiteRunner.runSequentially(SuiteRunner.java:371)
at org.testng.SuiteRunner.privateRun(SuiteRunner.java:332)
at org.testng.SuiteRunner.run(SuiteRunner.java:276)
at org.testng.SuiteRunnerWorker.runSuite(SuiteRunnerWorker.java:53)
at org.testng.SuiteRunnerWorker.run(SuiteRunnerWorker.java:96)
at org.testng.TestNG.runSuitesSequentially(TestNG.java:1212)
at org.testng.TestNG.runSuitesLocally(TestNG.java:1134)
at org.testng.TestNG.runSuites(TestNG.java:1063)
at org.testng.TestNG.run(TestNG.java:1031)
at org.testng.remote.AbstractRemoteTestNG.run(AbstractRemoteTestNG.java:115)
at org.testng.remote.RemoteTestNG.initAndRun(RemoteTestNG.java:251)
at org.testng.remote.RemoteTestNG.main(RemoteTestNG.java:77)
]]>
    </error>
  </testcase> <!-- signin3 -->
  <system-out/>
</testsuite> <!-- siva -->
